GowinSynthesis start
Running parser ...
Analyzing Verilog file 'C:\Users\Admin\OneDrive\Desktop\Intern_Docs\intern\fpga_gao_project\src\drv_key.v'
Analyzing Verilog file 'C:\Users\Admin\OneDrive\Desktop\Intern_Docs\intern\fpga_gao_project\src\gowin_osc\gowin_osc.v'
Analyzing Verilog file 'C:\Users\Admin\OneDrive\Desktop\Intern_Docs\intern\fpga_gao_project\src\top_hdl.v'
Analyzing Verilog file 'C:\Gowin1\Gowin_V1.9.10_x64\IDE\data\ipcores\GAO\GW_AO_0\gw_ao_crc32.v'
Analyzing Verilog file 'C:\Gowin1\Gowin_V1.9.10_x64\IDE\data\ipcores\GAO\GW_AO_0\gw_ao_match.v'
Analyzing included file 'C:\Gowin1\Gowin_V1.9.10_x64\IDE\data\ipcores\GAO\GW_AO_0\gw_ao_define.v'("C:\Gowin1\Gowin_V1.9.10_x64\IDE\data\ipcores\GAO\GW_AO_0\gw_ao_match.v":374)
Back to file 'C:\Gowin1\Gowin_V1.9.10_x64\IDE\data\ipcores\GAO\GW_AO_0\gw_ao_match.v'("C:\Gowin1\Gowin_V1.9.10_x64\IDE\data\ipcores\GAO\GW_AO_0\gw_ao_match.v":374)
Analyzing included file 'C:\Users\Admin\OneDrive\Desktop\Intern_Docs\intern\fpga_gao_project\impl\gwsynthesis\RTL_GAO\ao_0\gw_ao_top_define.v'("C:\Gowin1\Gowin_V1.9.10_x64\IDE\data\ipcores\GAO\GW_AO_0\gw_ao_match.v":374)
Back to file 'C:\Gowin1\Gowin_V1.9.10_x64\IDE\data\ipcores\GAO\GW_AO_0\gw_ao_match.v'("C:\Gowin1\Gowin_V1.9.10_x64\IDE\data\ipcores\GAO\GW_AO_0\gw_ao_match.v":374)
Analyzing included file 'C:\Users\Admin\OneDrive\Desktop\Intern_Docs\intern\fpga_gao_project\impl\gwsynthesis\RTL_GAO\ao_0\gw_ao_init.v'("C:\Gowin1\Gowin_V1.9.10_x64\IDE\data\ipcores\GAO\GW_AO_0\gw_ao_match.v":374)
Back to file 'C:\Gowin1\Gowin_V1.9.10_x64\IDE\data\ipcores\GAO\GW_AO_0\gw_ao_match.v'("C:\Gowin1\Gowin_V1.9.10_x64\IDE\data\ipcores\GAO\GW_AO_0\gw_ao_match.v":374)
Analyzing Verilog file 'C:\Gowin1\Gowin_V1.9.10_x64\IDE\data\ipcores\GAO\GW_AO_0\gw_ao_mem_ctrl.v'
Analyzing included file 'C:\Users\Admin\OneDrive\Desktop\Intern_Docs\intern\fpga_gao_project\impl\gwsynthesis\RTL_GAO\ao_0\gw_ao_top_define.v'("C:\Gowin1\Gowin_V1.9.10_x64\IDE\data\ipcores\GAO\GW_AO_0\gw_ao_mem_ctrl.v":1256)
Back to file 'C:\Gowin1\Gowin_V1.9.10_x64\IDE\data\ipcores\GAO\GW_AO_0\gw_ao_mem_ctrl.v'("C:\Gowin1\Gowin_V1.9.10_x64\IDE\data\ipcores\GAO\GW_AO_0\gw_ao_mem_ctrl.v":1256)
Analyzing Verilog file 'C:\Gowin1\Gowin_V1.9.10_x64\IDE\data\ipcores\GAO\GW_AO_0\gw_ao_top.v'
Analyzing included file 'C:\Gowin1\Gowin_V1.9.10_x64\IDE\data\ipcores\GAO\GW_AO_0\gw_ao_define.v'("C:\Gowin1\Gowin_V1.9.10_x64\IDE\data\ipcores\GAO\GW_AO_0\gw_ao_top.v":3042)
Back to file 'C:\Gowin1\Gowin_V1.9.10_x64\IDE\data\ipcores\GAO\GW_AO_0\gw_ao_top.v'("C:\Gowin1\Gowin_V1.9.10_x64\IDE\data\ipcores\GAO\GW_AO_0\gw_ao_top.v":3042)
Analyzing included file 'C:\Users\Admin\OneDrive\Desktop\Intern_Docs\intern\fpga_gao_project\impl\gwsynthesis\RTL_GAO\ao_0\gw_ao_top_define.v'("C:\Gowin1\Gowin_V1.9.10_x64\IDE\data\ipcores\GAO\GW_AO_0\gw_ao_top.v":3042)
Back to file 'C:\Gowin1\Gowin_V1.9.10_x64\IDE\data\ipcores\GAO\GW_AO_0\gw_ao_top.v'("C:\Gowin1\Gowin_V1.9.10_x64\IDE\data\ipcores\GAO\GW_AO_0\gw_ao_top.v":3042)
Analyzing included file 'C:\Users\Admin\OneDrive\Desktop\Intern_Docs\intern\fpga_gao_project\impl\gwsynthesis\RTL_GAO\ao_0\gw_ao_expression.v'("C:\Gowin1\Gowin_V1.9.10_x64\IDE\data\ipcores\GAO\GW_AO_0\gw_ao_top.v":3042)
Back to file 'C:\Gowin1\Gowin_V1.9.10_x64\IDE\data\ipcores\GAO\GW_AO_0\gw_ao_top.v'("C:\Gowin1\Gowin_V1.9.10_x64\IDE\data\ipcores\GAO\GW_AO_0\gw_ao_top.v":3042)
Analyzing included file 'C:\Users\Admin\OneDrive\Desktop\Intern_Docs\intern\fpga_gao_project\impl\gwsynthesis\RTL_GAO\ao_0\gw_ao_parameter.v'("C:\Gowin1\Gowin_V1.9.10_x64\IDE\data\ipcores\GAO\GW_AO_0\gw_ao_top.v":3042)
Back to file 'C:\Gowin1\Gowin_V1.9.10_x64\IDE\data\ipcores\GAO\GW_AO_0\gw_ao_top.v'("C:\Gowin1\Gowin_V1.9.10_x64\IDE\data\ipcores\GAO\GW_AO_0\gw_ao_top.v":3042)
Analyzing included file 'C:\Users\Admin\OneDrive\Desktop\Intern_Docs\intern\fpga_gao_project\impl\gwsynthesis\RTL_GAO\ao_0\gw_ao_init.v'("C:\Gowin1\Gowin_V1.9.10_x64\IDE\data\ipcores\GAO\GW_AO_0\gw_ao_top.v":3042)
Back to file 'C:\Gowin1\Gowin_V1.9.10_x64\IDE\data\ipcores\GAO\GW_AO_0\gw_ao_top.v'("C:\Gowin1\Gowin_V1.9.10_x64\IDE\data\ipcores\GAO\GW_AO_0\gw_ao_top.v":3042)
Analyzing Verilog file 'C:\Gowin1\Gowin_V1.9.10_x64\IDE\data\ipcores\GAO\GW_CON\gw_con_top.v'
Analyzing included file 'C:\Users\Admin\OneDrive\Desktop\Intern_Docs\intern\fpga_gao_project\impl\gwsynthesis\RTL_GAO\ao_control\gw_con_top_define.v'("C:\Gowin1\Gowin_V1.9.10_x64\IDE\data\ipcores\GAO\GW_CON\gw_con_top.v":377)
Back to file 'C:\Gowin1\Gowin_V1.9.10_x64\IDE\data\ipcores\GAO\GW_CON\gw_con_top.v'("C:\Gowin1\Gowin_V1.9.10_x64\IDE\data\ipcores\GAO\GW_CON\gw_con_top.v":377)
Analyzing included file 'C:\Users\Admin\OneDrive\Desktop\Intern_Docs\intern\fpga_gao_project\impl\gwsynthesis\RTL_GAO\ao_control\gw_con_parameter.v'("C:\Gowin1\Gowin_V1.9.10_x64\IDE\data\ipcores\GAO\GW_CON\gw_con_top.v":377)
Back to file 'C:\Gowin1\Gowin_V1.9.10_x64\IDE\data\ipcores\GAO\GW_CON\gw_con_top.v'("C:\Gowin1\Gowin_V1.9.10_x64\IDE\data\ipcores\GAO\GW_CON\gw_con_top.v":377)
Analyzing Verilog file 'C:\Gowin1\Gowin_V1.9.10_x64\IDE\data\ipcores\gw_jtag.v'
Analyzing Verilog file 'C:\Users\Admin\OneDrive\Desktop\Intern_Docs\intern\fpga_gao_project\impl\gwsynthesis\RTL_GAO\gw_gao_top.v'
Compiling module 'drv_key'("C:\Users\Admin\OneDrive\Desktop\Intern_Docs\intern\fpga_gao_project\src\drv_key.v":1)
Compiling module 'Gowin_OSC'("C:\Users\Admin\OneDrive\Desktop\Intern_Docs\intern\fpga_gao_project\src\gowin_osc\gowin_osc.v":9)
Compiling module 'top_hdl'("C:\Users\Admin\OneDrive\Desktop\Intern_Docs\intern\fpga_gao_project\src\top_hdl.v":1)
Compiling module 'drv_key(FILTER_TIME=1350000)'("C:\Users\Admin\OneDrive\Desktop\Intern_Docs\intern\fpga_gao_project\src\drv_key.v":1)
Compiling module '**'("C:\Gowin1\Gowin_V1.9.10_x64\IDE\data\ipcores\GAO\GW_AO_0\gw_ao_crc32.v":74)
Compiling module '**'("C:\Gowin1\Gowin_V1.9.10_x64\IDE\data\ipcores\GAO\GW_AO_0\gw_ao_match.v":374)
Compiling module '**'("C:\Gowin1\Gowin_V1.9.10_x64\IDE\data\ipcores\GAO\GW_AO_0\gw_ao_mem_ctrl.v":1256)
Extracting RAM for identifier '**'("C:\Gowin1\Gowin_V1.9.10_x64\IDE\data\ipcores\GAO\GW_AO_0\gw_ao_mem_ctrl.v":1256)
Compiling module '**'("C:\Gowin1\Gowin_V1.9.10_x64\IDE\data\ipcores\GAO\GW_AO_0\gw_ao_top.v":3042)
Compiling module '**'("C:\Gowin1\Gowin_V1.9.10_x64\IDE\data\ipcores\GAO\GW_CON\gw_con_top.v":377)
Compiling module 'GW_JTAG'("C:\Gowin1\Gowin_V1.9.10_x64\IDE\data\ipcores\gw_jtag.v":1)
Compiling module 'gw_gao'("C:\Users\Admin\OneDrive\Desktop\Intern_Docs\intern\fpga_gao_project\impl\gwsynthesis\RTL_GAO\gw_gao_top.v":1)
Trying to combine GAO to RTL design
NOTE  (EX0101) : Current top module is "top_hdl"
[5%] Running netlist conversion ...
Running device independent optimization ...
[10%] Optimizing Phase 0 completed
[15%] Optimizing Phase 1 completed
[25%] Optimizing Phase 2 completed
Running inference ...
[30%] Inferring Phase 0 completed
[40%] Inferring Phase 1 completed
[50%] Inferring Phase 2 completed
[55%] Inferring Phase 3 completed
Running technical mapping ...
[60%] Tech-Mapping Phase 0 completed
[65%] Tech-Mapping Phase 1 completed
[75%] Tech-Mapping Phase 2 completed
[80%] Tech-Mapping Phase 3 completed
[90%] Tech-Mapping Phase 4 completed
[95%] Generate netlist file "C:\Users\Admin\OneDrive\Desktop\Intern_Docs\intern\fpga_gao_project\impl\gwsynthesis\fpga_gao_project.vg" completed
[100%] Generate report file "C:\Users\Admin\OneDrive\Desktop\Intern_Docs\intern\fpga_gao_project\impl\gwsynthesis\fpga_gao_project_syn.rpt.html" completed
GowinSynthesis finish
